I, [2020-03-02T09:41:31.430791 #23878]  INFO -- : Received OPTIONS request for mock service administration endpoint DELETE /interactions. Returning CORS headers: {"Access-Control-Allow-Origin"=>"http://localhost:9876", "Access-Control-Allow-Headers"=>"content-type,x-pact-mock-service", "Access-Control-Allow-Methods"=>"DELETE, POST, GET, HEAD, PUT, TRACE, CONNECT, PATCH"}.
I, [2020-03-02T09:41:31.434966 #23878]  INFO -- : Cleared interactions
I, [2020-03-02T09:41:31.440519 #23878]  INFO -- : Registered expected interaction POST /v1/checkouts
D, [2020-03-02T09:41:31.440883 #23878] DEBUG -- : {
  "description": "Checkout an order",
  "request": {
    "method": "POST",
    "path": "/v1/checkouts",
    "body": {
      "bookId": "47baae30-09a7-41a4-9593-b181316cd1a2",
      "number": 5,
      "clientId": "0fcfd742-0f59-4843-90b1-66504ed10468"
    }
  },
  "response": {
    "status": 200,
    "headers": {
      "Content-Type": "application/json"
    },
    "body": {
      "json_class": "Pact::SomethingLike",
      "contents": {
        "bookId": "47baae30-09a7-41a4-9593-b181316cd1a2",
        "number": 5,
        "clientId": "0fcfd742-0f59-4843-90b1-66504ed10468"
      }
    }
  },
  "metadata": null
}
I, [2020-03-02T09:41:31.453774 #23878]  INFO -- : Received request POST /v1/checkouts
D, [2020-03-02T09:41:31.454079 #23878] DEBUG -- : {
  "path": "/v1/checkouts",
  "query": "",
  "method": "post",
  "body": {
    "bookId": "47baae30-09a7-41a4-9593-b181316cd1a2",
    "number": 5,
    "clientId": "0fcfd742-0f59-4843-90b1-66504ed10468"
  },
  "headers": {
    "Content-Length": "110",
    "Content-Type": "application/json",
    "X-Forwarded-Host": "localhost:9876",
    "X-Forwarded-Proto": "http",
    "X-Forwarded-Port": "9876",
    "X-Forwarded-For": "127.0.0.1",
    "Cookie": "io=ig0NBMGz6WB06M8ZAAAA",
    "Accept-Language": "fr-FR,fr;q=0.9,en-US;q=0.8,en;q=0.7",
    "Accept-Encoding": "gzip, deflate, br",
    "Referer": "http://localhost:9876/context.html",
    "Sec-Fetch-Mode": "cors",
    "Sec-Fetch-Site": "same-origin",
    "User-Agent": "Mozilla/5.0 (X11; Linux x86_64) AppleWebKit/537.36 (KHTML, like Gecko) Chrome/80.0.3987.122 Safari/537.36",
    "Sec-Fetch-Dest": "empty",
    "Origin": "http://localhost:9876",
    "Accept": "application/json, text/plain, */*",
    "Connection": "close",
    "Host": "localhost:9876",
    "Version": "HTTP/1.1"
  }
}
I, [2020-03-02T09:41:31.458956 #23878]  INFO -- : Found matching response for POST /v1/checkouts
D, [2020-03-02T09:41:31.459134 #23878] DEBUG -- : {
  "status": 200,
  "headers": {
    "Content-Type": "application/json"
  },
  "body": {
    "json_class": "Pact::SomethingLike",
    "contents": {
      "bookId": "47baae30-09a7-41a4-9593-b181316cd1a2",
      "number": 5,
      "clientId": "0fcfd742-0f59-4843-90b1-66504ed10468"
    }
  }
}
I, [2020-03-02T09:41:31.468386 #23878]  INFO -- : Received OPTIONS request for mock service administration endpoint GET /interactions/verification. Returning CORS headers: {"Access-Control-Allow-Origin"=>"http://localhost:9876", "Access-Control-Allow-Headers"=>"content-type,x-pact-mock-service", "Access-Control-Allow-Methods"=>"DELETE, POST, GET, HEAD, PUT, TRACE, CONNECT, PATCH"}.
I, [2020-03-02T09:41:31.476408 #23878]  INFO -- : Verifying - interactions matched
I, [2020-03-02T09:41:31.524045 #23878]  INFO -- : Cleared interactions
I, [2020-03-02T09:41:31.535785 #23878]  INFO -- : Received OPTIONS request for mock service administration endpoint POST /pact. Returning CORS headers: {"Access-Control-Allow-Origin"=>"http://localhost:9876", "Access-Control-Allow-Headers"=>"content-type,x-pact-mock-service", "Access-ConI, [2020-03-02T09:41:31.656628 #23873]  INFO -- : Received request GET /v1/books
D, [2020-03-02T09:41:31.656957 #23873] DEBUG -- : {
  "path": "/v1/books",
  "query": "",
  "method": "get",
  "headers": {
    "X-Forwarded-Host": "localhost:9876",
    "X-Forwarded-Proto": "http",
    "X-Forwarded-Port": "9876",
    "X-Forwarded-For": "127.0.0.1",
    "Cookie": "io=ig0NBMGz6WB06M8ZAAAA",
    "Accept-Language": "fr-FR,fr;q=0.9,en-US;q=0.8,en;q=0.7",
    "Accept-Encoding": "gzip, deflate, br",
    "Referer": "http://localhost:9876/context.html",
    "Sec-Fetch-Mode": "cors",
    "Sec-Fetch-Site": "same-origin",
    "User-Agent": "Mozilla/5.0 (X11; Linux x86_64) AppleWebKit/537.36 (KHTML, like Gecko) Chrome/80.0.3987.122 Safari/537.36",
    "Sec-Fetch-Dest": "empty",
    "Accept": "application/json, text/plain, */*",
    "Connection": "close",
    "Host": "localhost:9876",
    "Version": "HTTP/1.1"
  }
}
E, [2020-03-02T09:41:31.657060 #23873] ERROR -- : No matching interaction found for GET /v1/books
E, [2020-03-02T09:41:31.657098 #23873] ERROR -- : Interaction diffs for that route:
E, [2020-03-02T09:41:31.657136 #23873] ERROR -- : 
